The system is: Windows - 10.0.18362 - AMD64
Compiling the C compiler identification source file "CMakeCCompilerId.c" succeeded.
Compiler: C:/Program Files (x86)/Microsoft Visual Studio/2019/Professional/VC/Tools/MSVC/14.24.28314/bin/Hostx86/x86/cl.exe 
Build flags: 
Id flags:  

The output was:
0
Compilateur d'optimisation Microsoft (R) C/C++ version 19.24.28319 pour x86
Copyright (C) Microsoft Corporation. Tous droits réservés.

CMakeCCompilerId.c
Microsoft (R) Incremental Linker Version 14.24.28319.0
Copyright (C) Microsoft Corporation.  All rights reserved.

/out:CMakeCCompilerId.exe 
CMakeCCompilerId.obj 


Compilation of the C compiler identification source "CMakeCCompilerId.c" produced "CMakeCCompilerId.exe"

Compilation of the C compiler identification source "CMakeCCompilerId.c" produced "CMakeCCompilerId.obj"

The C compiler identification is MSVC, found in "C:/Users/user/Desktop/prog/C-Hat/cmake-build-debug/CMakeFiles/3.16.5/CompilerIdC/CMakeCCompilerId.exe"

Determining if the C compiler works passed with the following output:
Change Dir: C:/Users/user/Desktop/prog/C-Hat/cmake-build-debug/CMakeFiles/CMakeTmp

Run Build Command(s):nmake /nologo cmTC_85efc\fast && 	"C:\Program Files (x86)\Microsoft Visual Studio\2019\Professional\VC\Tools\MSVC\14.24.28314\bin\HostX86\x86\nmake.exe" -f CMakeFiles\cmTC_85efc.dir\build.make /nologo -L                  CMakeFiles\cmTC_85efc.dir\build
Building C object CMakeFiles/cmTC_85efc.dir/testCCompiler.c.obj
	C:\PROGRA~2\MICROS~4\2019\PROFES~1\VC\Tools\MSVC\1424~1.283\bin\Hostx86\x86\cl.exe @C:\Users\user\AppData\Local\Temp\nm54A7.tmp
testCCompiler.c
Linking C executable cmTC_85efc.exe
	C:\Users\user\AppData\Local\JetBrains\Toolbox\apps\CLion\ch-0\201.6487.17\bin\cmake\win\bin\cmake.exe -E vs_link_exe --intdir=CMakeFiles\cmTC_85efc.dir --rc=C:\PROGRA~2\WI3CF2~1\10\bin\100183~1.0\x86\rc.exe --mt=C:\PROGRA~2\WI3CF2~1\10\bin\100183~1.0\x86\mt.exe --manifests  -- C:\PROGRA~2\MICROS~4\2019\PROFES~1\VC\Tools\MSVC\1424~1.283\bin\Hostx86\x86\link.exe /nologo @CMakeFiles\cmTC_85efc.dir\objects1.rsp @C:\Users\user\AppData\Local\Temp\nm54E7.tmp



Detecting C compiler ABI info compiled with the following output:
Change Dir: C:/Users/user/Desktop/prog/C-Hat/cmake-build-debug/CMakeFiles/CMakeTmp

Run Build Command(s):nmake /nologo cmTC_4082a\fast && 	"C:\Program Files (x86)\Microsoft Visual Studio\2019\Professional\VC\Tools\MSVC\14.24.28314\bin\HostX86\x86\nmake.exe" -f CMakeFiles\cmTC_4082a.dir\build.make /nologo -L                  CMakeFiles\cmTC_4082a.dir\build
Building C object CMakeFiles/cmTC_4082a.dir/CMakeCCompilerABI.c.obj
	C:\PROGRA~2\MICROS~4\2019\PROFES~1\VC\Tools\MSVC\1424~1.283\bin\Hostx86\x86\cl.exe @C:\Users\user\AppData\Local\Temp\nm569B.tmp
CMakeCCompilerABI.c
Linking C executable cmTC_4082a.exe
	C:\Users\user\AppData\Local\JetBrains\Toolbox\apps\CLion\ch-0\201.6487.17\bin\cmake\win\bin\cmake.exe -E vs_link_exe --intdir=CMakeFiles\cmTC_4082a.dir --rc=C:\PROGRA~2\WI3CF2~1\10\bin\100183~1.0\x86\rc.exe --mt=C:\PROGRA~2\WI3CF2~1\10\bin\100183~1.0\x86\mt.exe --manifests  -- C:\PROGRA~2\MICROS~4\2019\PROFES~1\VC\Tools\MSVC\1424~1.283\bin\Hostx86\x86\link.exe /nologo @CMakeFiles\cmTC_4082a.dir\objects1.rsp @C:\Users\user\AppData\Local\Temp\nm56EA.tmp



